<?xml version="1.0" encoding="UTF-8" ?>
<testsuite failures="0" time="0.367" errors="0" skipped="0" tests="14" name="com.x.devcamp.auction.AuctionListingTest">
  <properties>
    <property name="java.runtime.name" value="Java(TM) SE Runtime Environment"/>
    <property name="sun.boot.library.path" value="/System/Library/Java/JavaVirtualMachines/1.6.0.jdk/Contents/Libraries"/>
    <property name="java.vm.version" value="20.4-b02-402"/>
    <property name="awt.nativeDoubleBuffering" value="true"/>
    <property name="gopherProxySet" value="false"/>
    <property name="mrj.build" value="10M3527"/>
    <property name="java.vm.vendor" value="Apple Inc."/>
    <property name="java.vendor.url" value="http://www.apple.com/"/>
    <property name="path.separator" value=":"/>
    <property name="java.vm.name" value="Java HotSpot(TM) 64-Bit Server VM"/>
    <property name="file.encoding.pkg" value="sun.io"/>
    <property name="user.country" value="US"/>
    <property name="sun.java.launcher" value="SUN_STANDARD"/>
    <property name="sun.os.patch.level" value="unknown"/>
    <property name="java.vm.specification.name" value="Java Virtual Machine Specification"/>
    <property name="user.dir" value="/Users/svigraham/scratch/xcommerce/auctionhouse"/>
    <property name="java.runtime.version" value="1.6.0_29-b11-402-10M3527"/>
    <property name="java.awt.graphicsenv" value="apple.awt.CGraphicsEnvironment"/>
    <property name="basedir" value="/Users/svigraham/scratch/xcommerce/auctionhouse"/>
    <property name="java.endorsed.dirs" value="/System/Library/Java/JavaVirtualMachines/1.6.0.jdk/Contents/Home/lib/endorsed"/>
    <property name="os.arch" value="x86_64"/>
    <property name="surefire.real.class.path" value="/Users/svigraham/scratch/xcommerce/auctionhouse/target/surefire/surefirebooter2129059879702361793.jar"/>
    <property name="java.io.tmpdir" value="/var/folders/Bb/BbbSPpudEKaQoWPbeJ-uhUODnlk/-Tmp-/"/>
    <property name="line.separator" value="
"/>
    <property name="java.vm.specification.vendor" value="Sun Microsystems Inc."/>
    <property name="os.name" value="Mac OS X"/>
    <property name="sun.jnu.encoding" value="MacRoman"/>
    <property name="java.library.path" value=".:/Library/Java/Extensions:/System/Library/Java/Extensions:/usr/lib/java"/>
    <property name="surefire.test.class.path" value="/Users/svigraham/scratch/xcommerce/auctionhouse/target/test-classes:/Users/svigraham/scratch/xcommerce/auctionhouse/target/classes:/Users/svigraham/.m2/repository/org/apache/httpcomponents/httpclient/4.1.1/httpclient-4.1.1.jar:/Users/svigraham/.m2/repository/org/apache/httpcomponents/httpcore/4.1/httpcore-4.1.jar:/Users/svigraham/.m2/repository/commons-logging/commons-logging/1.1.1/commons-logging-1.1.1.jar:/Users/svigraham/.m2/repository/commons-codec/commons-codec/1.4/commons-codec-1.4.jar:/Users/svigraham/.m2/repository/org/mortbay/jetty/jetty/6.1.26/jetty-6.1.26.jar:/Users/svigraham/.m2/repository/org/mortbay/jetty/jetty-util/6.1.26/jetty-util-6.1.26.jar:/Users/svigraham/.m2/repository/org/mortbay/jetty/servlet-api/2.5-20081211/servlet-api-2.5-20081211.jar:/Users/svigraham/.m2/repository/org/apache/avro/avro/1.5.2/avro-1.5.2.jar:/Users/svigraham/.m2/repository/org/codehaus/jackson/jackson-mapper-asl/1.7.3/jackson-mapper-asl-1.7.3.jar:/Users/svigraham/.m2/repository/org/codehaus/jackson/jackson-core-asl/1.7.3/jackson-core-asl-1.7.3.jar:/Users/svigraham/.m2/repository/com/thoughtworks/paranamer/paranamer/2.3/paranamer-2.3.jar:/Users/svigraham/.m2/repository/org/xerial/snappy/snappy-java/1.0.3-rc4/snappy-java-1.0.3-rc4.jar:/Users/svigraham/.m2/repository/org/slf4j/slf4j-api/1.6.1/slf4j-api-1.6.1.jar:/Users/svigraham/.m2/repository/junit/junit/4.8.2/junit-4.8.2.jar:"/>
    <property name="java.specification.name" value="Java Platform API Specification"/>
    <property name="java.class.version" value="50.0"/>
    <property name="sun.management.compiler" value="HotSpot 64-Bit Tiered Compilers"/>
    <property name="os.version" value="10.6.8"/>
    <property name="http.nonProxyHosts" value="local|*.local|169.254/16|*.169.254/16"/>
    <property name="user.home" value="/Users/svigraham"/>
    <property name="user.timezone" value="America/Chicago"/>
    <property name="java.awt.printerjob" value="apple.awt.CPrinterJob"/>
    <property name="java.specification.version" value="1.6"/>
    <property name="file.encoding" value="MacRoman"/>
    <property name="user.name" value="svigraham"/>
    <property name="java.class.path" value="/Users/svigraham/scratch/xcommerce/auctionhouse/target/test-classes:/Users/svigraham/scratch/xcommerce/auctionhouse/target/classes:/Users/svigraham/.m2/repository/org/apache/httpcomponents/httpclient/4.1.1/httpclient-4.1.1.jar:/Users/svigraham/.m2/repository/org/apache/httpcomponents/httpcore/4.1/httpcore-4.1.jar:/Users/svigraham/.m2/repository/commons-logging/commons-logging/1.1.1/commons-logging-1.1.1.jar:/Users/svigraham/.m2/repository/commons-codec/commons-codec/1.4/commons-codec-1.4.jar:/Users/svigraham/.m2/repository/org/mortbay/jetty/jetty/6.1.26/jetty-6.1.26.jar:/Users/svigraham/.m2/repository/org/mortbay/jetty/jetty-util/6.1.26/jetty-util-6.1.26.jar:/Users/svigraham/.m2/repository/org/mortbay/jetty/servlet-api/2.5-20081211/servlet-api-2.5-20081211.jar:/Users/svigraham/.m2/repository/org/apache/avro/avro/1.5.2/avro-1.5.2.jar:/Users/svigraham/.m2/repository/org/codehaus/jackson/jackson-mapper-asl/1.7.3/jackson-mapper-asl-1.7.3.jar:/Users/svigraham/.m2/repository/org/codehaus/jackson/jackson-core-asl/1.7.3/jackson-core-asl-1.7.3.jar:/Users/svigraham/.m2/repository/com/thoughtworks/paranamer/paranamer/2.3/paranamer-2.3.jar:/Users/svigraham/.m2/repository/org/xerial/snappy/snappy-java/1.0.3-rc4/snappy-java-1.0.3-rc4.jar:/Users/svigraham/.m2/repository/org/slf4j/slf4j-api/1.6.1/slf4j-api-1.6.1.jar:/Users/svigraham/.m2/repository/junit/junit/4.8.2/junit-4.8.2.jar:"/>
    <property name="java.vm.specification.version" value="1.0"/>
    <property name="sun.arch.data.model" value="64"/>
    <property name="java.home" value="/System/Library/Java/JavaVirtualMachines/1.6.0.jdk/Contents/Home"/>
    <property name="sun.java.command" value="/Users/svigraham/scratch/xcommerce/auctionhouse/target/surefire/surefirebooter2129059879702361793.jar /Users/svigraham/scratch/xcommerce/auctionhouse/target/surefire/surefire6020802605507009920tmp /Users/svigraham/scratch/xcommerce/auctionhouse/target/surefire/surefire6351760706786921404tmp"/>
    <property name="java.specification.vendor" value="Sun Microsystems Inc."/>
    <property name="user.language" value="en"/>
    <property name="awt.toolkit" value="apple.awt.CToolkit"/>
    <property name="java.vm.info" value="mixed mode"/>
    <property name="java.version" value="1.6.0_29"/>
    <property name="java.ext.dirs" value="/Library/Java/Extensions:/System/Library/Java/Extensions:/System/Library/Java/JavaVirtualMachines/1.6.0.jdk/Contents/Home/lib/ext"/>
    <property name="sun.boot.class.path" value="/System/Library/Java/JavaVirtualMachines/1.6.0.jdk/Contents/Classes/jsfd.jar:/System/Library/Java/JavaVirtualMachines/1.6.0.jdk/Contents/Classes/classes.jar:/System/Library/Frameworks/JavaVM.framework/Frameworks/JavaRuntimeSupport.framework/Resources/Java/JavaRuntimeSupport.jar:/System/Library/Java/JavaVirtualMachines/1.6.0.jdk/Contents/Classes/ui.jar:/System/Library/Java/JavaVirtualMachines/1.6.0.jdk/Contents/Classes/laf.jar:/System/Library/Java/JavaVirtualMachines/1.6.0.jdk/Contents/Classes/sunrsasign.jar:/System/Library/Java/JavaVirtualMachines/1.6.0.jdk/Contents/Classes/jsse.jar:/System/Library/Java/JavaVirtualMachines/1.6.0.jdk/Contents/Classes/jce.jar:/System/Library/Java/JavaVirtualMachines/1.6.0.jdk/Contents/Classes/charsets.jar"/>
    <property name="java.vendor" value="Apple Inc."/>
    <property name="localRepository" value="/Users/svigraham/.m2/repository"/>
    <property name="file.separator" value="/"/>
    <property name="java.vendor.url.bug" value="http://bugreport.apple.com/"/>
    <property name="sun.cpu.endian" value="little"/>
    <property name="sun.io.unicode.encoding" value="UnicodeLittle"/>
    <property name="mrj.version" value="1060.1.6.0_29-402"/>
    <property name="socksNonProxyHosts" value="local|*.local|169.254/16|*.169.254/16"/>
    <property name="ftp.nonProxyHosts" value="local|*.local|169.254/16|*.169.254/16"/>
    <property name="sun.cpu.isalist" value=""/>
  </properties>
  <testcase time="0.19" classname="com.x.devcamp.auction.AuctionListingTest" name="testInitialBid"/>
  <testcase time="0.001" classname="com.x.devcamp.auction.AuctionListingTest" name="testOutbidSelf"/>
  <testcase time="0.001" classname="com.x.devcamp.auction.AuctionListingTest" name="testOutbidSomeoneElse"/>
  <testcase time="0.001" classname="com.x.devcamp.auction.AuctionListingTest" name="testBidLowerThanCurrentPrice"/>
  <testcase time="0" classname="com.x.devcamp.auction.AuctionListingTest" name="testBidLowerThanHigh"/>
  <testcase time="0.001" classname="com.x.devcamp.auction.AuctionListingTest" name="testBidAgainstOldListing"/>
  <testcase time="0" classname="com.x.devcamp.auction.AuctionListingTest" name="testBidAgainstUnlistedListing"/>
  <testcase time="0.001" classname="com.x.devcamp.auction.AuctionListingTest" name="testBidInvalidIncrement"/>
  <testcase time="0.001" classname="com.x.devcamp.auction.AuctionListingTest" name="testBidOnZeroPriceItem"/>
  <testcase time="0" classname="com.x.devcamp.auction.AuctionListingTest" name="testStartAuction"/>
  <testcase time="0" classname="com.x.devcamp.auction.AuctionListingTest" name="testStartAuctionTwice"/>
  <testcase time="0" classname="com.x.devcamp.auction.AuctionListingTest" name="testEndExistingAuction"/>
  <testcase time="0" classname="com.x.devcamp.auction.AuctionListingTest" name="testEndUnlistedAuction"/>
  <testcase time="0.001" classname="com.x.devcamp.auction.AuctionListingTest" name="testEndAuctionTwice"/>
</testsuite>